<?xml version="1.0" encoding="UTF-8"?>
<!-- Generated by org.testng.reporters.JUnitReportReporter -->
<testsuite hostname="OSO-DTP-057" name="GeneralSetup.TC003_UploadMaster" tests="3" failures="0" timestamp="1 Sep 2017 13:11:46 GMT" time="47.130" errors="0">
  <testcase name="Data_Upload" time="27.410" classname="GeneralSetup.TC003_UploadMaster"/>
  <testcase name="Login" time="8.882" classname="GeneralSetup.TC003_UploadMaster"/>
  <testcase name="Target_Page" time="10.838" classname="GeneralSetup.TC003_UploadMaster"/>
</testsuite> <!-- GeneralSetup.TC003_UploadMaster -->
