<?xml version="1.0" encoding="UTF-8"?>
<!-- Generated by org.testng.reporters.JUnitReportReporter -->
<testsuite hostname="OSO-DTP-057" name="ESS.LeaveandAttendance.LeaveApplication.TC005_OnBehalfLeaveApply" tests="3" failures="0" timestamp="24 Aug 2017 12:26:02 GMT" time="55.622" errors="0">
  <testcase name="Login" time="5.355" classname="ESS.LeaveandAttendance.LeaveApplication.TC005_OnBehalfLeaveApply"/>
  <testcase name="OnBehalfLeaveApply" time="41.003" classname="ESS.LeaveandAttendance.LeaveApplication.TC005_OnBehalfLeaveApply"/>
  <testcase name="TargetPage" time="9.264" classname="ESS.LeaveandAttendance.LeaveApplication.TC005_OnBehalfLeaveApply"/>
</testsuite> <!-- ESS.LeaveandAttendance.LeaveApplication.TC005_OnBehalfLeaveApply -->
