<?xml version="1.0" encoding="UTF-8"?>
<!-- Generated by org.testng.reporters.JUnitReportReporter -->
<testsuite hostname="OSO-DTP-057" name="Module.OrganizationalSetup.TC024_DeviceMasterUploadData" tests="5" failures="0" timestamp="16 Nov 2017 05:49:36 GMT" time="227.858" errors="0">
  <testcase name="Login" time="3.514" classname="Module.OrganizationalSetup.TC024_DeviceMasterUploadData"/>
  <testcase name="Edit_Record" time="10.178" classname="Module.OrganizationalSetup.TC024_DeviceMasterUploadData"/>
  <testcase name="AddNew_Button" time="5.413" classname="Module.OrganizationalSetup.TC024_DeviceMasterUploadData"/>
  <testcase name="Data_Upload" time="12.612" classname="Module.OrganizationalSetup.TC024_DeviceMasterUploadData"/>
  <testcase name="Target_Page" time="196.141" classname="Module.OrganizationalSetup.TC024_DeviceMasterUploadData"/>
</testsuite> <!-- Module.OrganizationalSetup.TC024_DeviceMasterUploadData -->
