<?xml version="1.0" encoding="UTF-8"?>
<!-- Generated by org.testng.reporters.JUnitReportReporter -->
<testsuite hostname="OSO-DTP-057" name="Module.RegionalSetup.TC011_CurrencyMasterUploadData" tests="5" failures="0" timestamp="16 Nov 2017 05:49:36 GMT" time="95.608" errors="0">
  <testcase name="Data_Upload" time="11.085" classname="Module.RegionalSetup.TC011_CurrencyMasterUploadData"/>
  <testcase name="AddNew_Button" time="7.634" classname="Module.RegionalSetup.TC011_CurrencyMasterUploadData"/>
  <testcase name="Target_Page" time="64.899" classname="Module.RegionalSetup.TC011_CurrencyMasterUploadData"/>
  <testcase name="Data_Upload" time="8.602" classname="Module.RegionalSetup.TC011_CurrencyMasterUploadData"/>
  <testcase name="Login" time="3.388" classname="Module.RegionalSetup.TC011_CurrencyMasterUploadData"/>
</testsuite> <!-- Module.RegionalSetup.TC011_CurrencyMasterUploadData -->
