<?xml version="1.0" encoding="UTF-8"?>
<!-- Generated by org.testng.reporters.JUnitReportReporter -->
<testsuite hostname="OSO-DTP-057" name="Module.OrganizationalSetup.TC018_PositionMasterUploadData" tests="5" failures="0" timestamp="16 Nov 2017 05:49:36 GMT" time="96.255" errors="0">
  <testcase name="AddNew_Button" time="5.956" classname="Module.OrganizationalSetup.TC018_PositionMasterUploadData"/>
  <testcase name="Edit_Record" time="10.147" classname="Module.OrganizationalSetup.TC018_PositionMasterUploadData"/>
  <testcase name="Target_Page" time="63.029" classname="Module.OrganizationalSetup.TC018_PositionMasterUploadData"/>
  <testcase name="Data_Upload" time="13.631" classname="Module.OrganizationalSetup.TC018_PositionMasterUploadData"/>
  <testcase name="Login" time="3.492" classname="Module.OrganizationalSetup.TC018_PositionMasterUploadData"/>
</testsuite> <!-- Module.OrganizationalSetup.TC018_PositionMasterUploadData -->
