<?xml version="1.0" encoding="UTF-8"?>
<!-- Generated by org.testng.reporters.JUnitReportReporter -->
<testsuite hostname="OSO-DTP-057" name="ESS.LeaveandAttendance.LeaveApplication.TC003_LeaveVerify" tests="4" failures="0" timestamp="26 Aug 2017 09:39:25 GMT" time="11.796" errors="0">
  <testcase name="VerifyLeave" time="0.239" classname="ESS.LeaveandAttendance.LeaveApplication.TC003_LeaveVerify"/>
  <testcase name="VerifyLeave" time="0.254" classname="ESS.LeaveandAttendance.LeaveApplication.TC003_LeaveVerify"/>
  <testcase name="TargetPage" time="7.143" classname="ESS.LeaveandAttendance.LeaveApplication.TC003_LeaveVerify"/>
  <testcase name="Login" time="4.160" classname="ESS.LeaveandAttendance.LeaveApplication.TC003_LeaveVerify"/>
</testsuite> <!-- ESS.LeaveandAttendance.LeaveApplication.TC003_LeaveVerify -->
