<?xml version="1.0" encoding="UTF-8"?>
<!-- Generated by org.testng.reporters.JUnitReportReporter -->
<testsuite hostname="OSO-DTP-057" name="Module.OrganizationalSetup.TC022_ZoneMasterUploadData" tests="5" failures="0" timestamp="16 Nov 2017 05:49:36 GMT" time="102.586" errors="0">
  <testcase name="Data_Upload" time="7.832" classname="Module.OrganizationalSetup.TC022_ZoneMasterUploadData"/>
  <testcase name="AddNew_Button" time="8.462" classname="Module.OrganizationalSetup.TC022_ZoneMasterUploadData"/>
  <testcase name="Edit_Record" time="10.528" classname="Module.OrganizationalSetup.TC022_ZoneMasterUploadData"/>
  <testcase name="Login" time="3.697" classname="Module.OrganizationalSetup.TC022_ZoneMasterUploadData"/>
  <testcase name="Target_Page" time="72.067" classname="Module.OrganizationalSetup.TC022_ZoneMasterUploadData"/>
</testsuite> <!-- Module.OrganizationalSetup.TC022_ZoneMasterUploadData -->
