<?xml version="1.0" encoding="UTF-8"?>
<!-- Generated by org.testng.reporters.JUnitReportReporter -->
<testsuite hostname="OSO-DTP-057" name="Module.OrganizationalSetup.TC019_LevelMasterUploadData" tests="6" failures="0" timestamp="16 Nov 2017 05:49:36 GMT" time="136.360" errors="0">
  <testcase name="Data_Upload" time="11.964" classname="Module.OrganizationalSetup.TC019_LevelMasterUploadData"/>
  <testcase name="Edit_Record" time="18.785" classname="Module.OrganizationalSetup.TC019_LevelMasterUploadData"/>
  <testcase name="Data_Upload" time="14.538" classname="Module.OrganizationalSetup.TC019_LevelMasterUploadData"/>
  <testcase name="Login" time="3.533" classname="Module.OrganizationalSetup.TC019_LevelMasterUploadData"/>
  <testcase name="Target_Page" time="81.987" classname="Module.OrganizationalSetup.TC019_LevelMasterUploadData"/>
  <testcase name="AddNew_Button" time="5.553" classname="Module.OrganizationalSetup.TC019_LevelMasterUploadData"/>
</testsuite> <!-- Module.OrganizationalSetup.TC019_LevelMasterUploadData -->
