<?xml version="1.0" encoding="UTF-8"?>
<!-- Generated by org.testng.reporters.JUnitReportReporter -->
<testsuite hostname="OSO-DTP-057" name="Module.OrganizationalSetup.TC020_BandMasterUploadData" tests="6" failures="0" timestamp="16 Nov 2017 05:49:36 GMT" time="120.931" errors="0">
  <testcase name="Target_Page" time="60.272" classname="Module.OrganizationalSetup.TC020_BandMasterUploadData"/>
  <testcase name="Data_Upload" time="17.856" classname="Module.OrganizationalSetup.TC020_BandMasterUploadData"/>
  <testcase name="Edit_Record" time="12.757" classname="Module.OrganizationalSetup.TC020_BandMasterUploadData"/>
  <testcase name="Login" time="3.460" classname="Module.OrganizationalSetup.TC020_BandMasterUploadData"/>
  <testcase name="Data_Upload" time="20.708" classname="Module.OrganizationalSetup.TC020_BandMasterUploadData"/>
  <testcase name="AddNew_Button" time="5.878" classname="Module.OrganizationalSetup.TC020_BandMasterUploadData"/>
</testsuite> <!-- Module.OrganizationalSetup.TC020_BandMasterUploadData -->
