<?xml version="1.0" encoding="UTF-8"?>
<!-- Generated by org.testng.reporters.JUnitReportReporter -->
<testsuite hostname="OSO-DTP-057" name="GeneralSetup.TC001_EntityMasterUploadData" tests="4" failures="0" timestamp="4 Sep 2017 07:12:32 GMT" time="0.030" errors="4">
  <testcase name="Login" time="0.010" classname="GeneralSetup.TC001_EntityMasterUploadData"/>
  <testcase name="Data_Upload" time="0.000" classname="GeneralSetup.TC001_EntityMasterUploadData">
    <error type="java.lang.Throwable" message="Method TC001_EntityMasterUploadData.Data_Upload(java.lang.String, java.lang.String, java.lang.String, java.lang.String, java.lang.String, java.lang.String, java.lang.String)[pri:0, instance:GeneralSetup.TC001_EntityMasterUploadData@1acf68f] depends on not successfully finished methods in group &quot;EMAddNewButton&quot;">
      <![CDATA[java.lang.Throwable: Method TC001_EntityMasterUploadData.Data_Upload(java.lang.String, java.lang.String, java.lang.String, java.lang.String, java.lang.String, java.lang.String, java.lang.String)[pri:0, instance:GeneralSetup.TC001_EntityMasterUploadData@1acf68f] depends on not successfully finished methods in group "EMAddNewButton"
	at org.testng.internal.Invoker.invokeTestMethods(Invoker.java:1040)
	at org.testng.internal.TestMethodWorker.invokeTestMethods(TestMethodWorker.java:124)
	at org.testng.internal.TestMethodWorker.run(TestMethodWorker.java:108)
	at org.testng.TestRunner.privateRun(TestRunner.java:773)
	at org.testng.TestRunner.run(TestRunner.java:623)
	at org.testng.SuiteRunner.runTest(SuiteRunner.java:357)
	at org.testng.SuiteRunner.access$000(SuiteRunner.java:39)
	at org.testng.SuiteRunner$SuiteWorker.run(SuiteRunner.java:391)
	at org.testng.internal.thread.ThreadUtil$2.call(ThreadUtil.java:64)
	at java.util.concurrent.FutureTask.run(Unknown Source)
	at java.util.concurrent.ThreadPoolExecutor.runWorker(Unknown Source)
	at java.util.concurrent.ThreadPoolExecutor$Worker.run(Unknown Source)
	at java.lang.Thread.run(Unknown Source)
]]>
    </error>
  </testcase> <!-- Data_Upload -->
  <testcase name="Target_Page" time="0.010" classname="GeneralSetup.TC001_EntityMasterUploadData"/>
  <testcase name="AddNew_Button" time="0.010" classname="GeneralSetup.TC001_EntityMasterUploadData"/>
</testsuite> <!-- GeneralSetup.TC001_EntityMasterUploadData -->
