<?xml version="1.0" encoding="UTF-8"?>
<!-- Generated by org.testng.reporters.JUnitReportReporter -->
<testsuite hostname="OSO-DTP-057" name="ESS.LeaveandAttendance.LeaveApplication.TC002_LeaveApproval" tests="4" failures="0" timestamp="26 Aug 2017 09:39:25 GMT" time="41.326" errors="0">
  <testcase name="Login" time="5.337" classname="ESS.LeaveandAttendance.LeaveApplication.TC002_LeaveApproval"/>
  <testcase name="TargetPage" time="10.064" classname="ESS.LeaveandAttendance.LeaveApplication.TC002_LeaveApproval"/>
  <testcase name="LeaveApproveReject" time="12.266" classname="ESS.LeaveandAttendance.LeaveApplication.TC002_LeaveApproval"/>
  <testcase name="LeaveApproveReject" time="13.659" classname="ESS.LeaveandAttendance.LeaveApplication.TC002_LeaveApproval"/>
</testsuite> <!-- ESS.LeaveandAttendance.LeaveApplication.TC002_LeaveApproval -->
