<?xml version="1.0" encoding="UTF-8"?>
<!-- Generated by org.testng.reporters.JUnitReportReporter -->
<testsuite hostname="OSO-DTP-057" name="Module.RegionalSetup.TC012_CurrencyRateMasterUploadData" tests="4" failures="0" timestamp="16 Nov 2017 05:49:36 GMT" time="91.785" errors="0">
  <testcase name="Target_Page" time="61.278" classname="Module.RegionalSetup.TC012_CurrencyRateMasterUploadData"/>
  <testcase name="AddNew_Button" time="5.569" classname="Module.RegionalSetup.TC012_CurrencyRateMasterUploadData"/>
  <testcase name="Data_Upload" time="21.624" classname="Module.RegionalSetup.TC012_CurrencyRateMasterUploadData"/>
  <testcase name="Login" time="3.314" classname="Module.RegionalSetup.TC012_CurrencyRateMasterUploadData"/>
</testsuite> <!-- Module.RegionalSetup.TC012_CurrencyRateMasterUploadData -->
