<?xml version="1.0" encoding="UTF-8"?>
<!-- Generated by org.testng.reporters.JUnitReportReporter -->
<testsuite hostname="OSO-DTP-057" name="Module.RegionalSetup.TC007_CountryMasterUploadData" tests="5" failures="0" timestamp="16 Nov 2017 05:49:36 GMT" time="113.055" errors="0">
  <testcase name="Login" time="3.461" classname="Module.RegionalSetup.TC007_CountryMasterUploadData"/>
  <testcase name="Target_Page" time="82.751" classname="Module.RegionalSetup.TC007_CountryMasterUploadData"/>
  <testcase name="Data_Upload" time="10.792" classname="Module.RegionalSetup.TC007_CountryMasterUploadData"/>
  <testcase name="Data_Upload" time="8.317" classname="Module.RegionalSetup.TC007_CountryMasterUploadData"/>
  <testcase name="AddNew_Button" time="7.734" classname="Module.RegionalSetup.TC007_CountryMasterUploadData"/>
</testsuite> <!-- Module.RegionalSetup.TC007_CountryMasterUploadData -->
