<?xml version="1.0" encoding="UTF-8"?>
<!-- Generated by org.testng.reporters.JUnitReportReporter -->
<testsuite hostname="OSO-DTP-057" name="Module.GeneralSetup.TC001_EntityMasterUploadData" tests="4" failures="0" timestamp="16 Nov 2017 05:49:36 GMT" time="191.153" errors="0">
  <testcase name="Target_Page" time="167.157" classname="Module.GeneralSetup.TC001_EntityMasterUploadData"/>
  <testcase name="Data_Upload" time="12.996" classname="Module.GeneralSetup.TC001_EntityMasterUploadData"/>
  <testcase name="Login" time="3.571" classname="Module.GeneralSetup.TC001_EntityMasterUploadData"/>
  <testcase name="AddNew_Button" time="7.429" classname="Module.GeneralSetup.TC001_EntityMasterUploadData"/>
</testsuite> <!-- Module.GeneralSetup.TC001_EntityMasterUploadData -->
