<?xml version="1.0" encoding="UTF-8"?>
<!-- Generated by org.testng.reporters.JUnitReportReporter -->
<testsuite hostname="OSO-DTP-057" name="ESS.LeaveandAttendance.LeaveApplication.TC004_LeaveRevoke" tests="3" failures="0" timestamp="26 Aug 2017 09:39:25 GMT" time="17.261" errors="0">
  <testcase name="Login" time="4.332" classname="ESS.LeaveandAttendance.LeaveApplication.TC004_LeaveRevoke"/>
  <testcase name="VerifyLeave" time="6.361" classname="ESS.LeaveandAttendance.LeaveApplication.TC004_LeaveRevoke"/>
  <testcase name="TargetPage" time="6.568" classname="ESS.LeaveandAttendance.LeaveApplication.TC004_LeaveRevoke"/>
</testsuite> <!-- ESS.LeaveandAttendance.LeaveApplication.TC004_LeaveRevoke -->
