<?xml version="1.0" encoding="UTF-8"?>
<!-- Generated by org.testng.reporters.JUnitReportReporter -->
<testsuite hostname="OSO-DTP-057" name="Module.OrganizationalSetup.TC023_AttributeMasterUploadData" tests="5" failures="0" timestamp="16 Nov 2017 05:49:36 GMT" time="118.768" errors="0">
  <testcase name="Data_Upload" time="15.616" classname="Module.OrganizationalSetup.TC023_AttributeMasterUploadData"/>
  <testcase name="Target_Page" time="60.484" classname="Module.OrganizationalSetup.TC023_AttributeMasterUploadData"/>
  <testcase name="Edit_Record" time="29.814" classname="Module.OrganizationalSetup.TC023_AttributeMasterUploadData"/>
  <testcase name="Login" time="3.531" classname="Module.OrganizationalSetup.TC023_AttributeMasterUploadData"/>
  <testcase name="AddNew_Button" time="9.323" classname="Module.OrganizationalSetup.TC023_AttributeMasterUploadData"/>
</testsuite> <!-- Module.OrganizationalSetup.TC023_AttributeMasterUploadData -->
