<?xml version="1.0" encoding="UTF-8"?>
<!-- Generated by org.testng.reporters.JUnitReportReporter -->
<testsuite hostname="OSO-DTP-057" name="Module.GeneralSetup.TC004_PolicyMasterUploadData" tests="4" failures="1" timestamp="16 Nov 2017 05:49:36 GMT" time="90.101" errors="2">
  <testcase name="AddNew_Button" time="0.000" classname="Module.GeneralSetup.TC004_PolicyMasterUploadData">
    <error type="java.lang.Throwable" message="Method TC004_PolicyMasterUploadData.AddNew_Button()[pri:0, instance:Module.GeneralSetup.TC004_PolicyMasterUploadData@19b7cce] depends on not successfully finished methods in group &quot;PMTargetPage&quot;">
      <![CDATA[java.lang.Throwable: Method TC004_PolicyMasterUploadData.AddNew_Button()[pri:0, instance:Module.GeneralSetup.TC004_PolicyMasterUploadData@19b7cce] depends on not successfully finished methods in group "PMTargetPage"
	at org.testng.internal.Invoker.invokeTestMethods(Invoker.java:1040)
	at org.testng.internal.TestMethodWorker.invokeTestMethods(TestMethodWorker.java:124)
	at org.testng.internal.TestMethodWorker.run(TestMethodWorker.java:108)
	at org.testng.TestRunner.privateRun(TestRunner.java:773)
	at org.testng.TestRunner.run(TestRunner.java:623)
	at org.testng.SuiteRunner.runTest(SuiteRunner.java:357)
	at org.testng.SuiteRunner.access$000(SuiteRunner.java:39)
	at org.testng.SuiteRunner$SuiteWorker.run(SuiteRunner.java:391)
	at org.testng.internal.thread.ThreadUtil$2.call(ThreadUtil.java:64)
	at java.util.concurrent.FutureTask.run(Unknown Source)
	at java.util.concurrent.ThreadPoolExecutor.runWorker(Unknown Source)
	at java.util.concurrent.ThreadPoolExecutor$Worker.run(Unknown Source)
	at java.lang.Thread.run(Unknown Source)
]]>
    </error>
  </testcase> <!-- AddNew_Button -->
  <testcase name="Target_Page" time="86.654" classname="Module.GeneralSetup.TC004_PolicyMasterUploadData">
    <failure type="java.lang.AssertionError" message="Expected Value : [Policy Master - Page Header] But Found : [Page Crashed]">
      <![CDATA[java.lang.AssertionError: Expected Value : [Policy Master - Page Header] But Found : [Page Crashed]
	at org.testng.Assert.fail(Assert.java:94)
	at pom.TestBase.CommonMethods.TargetPageEnterpriseSetup(CommonMethods.java:94)
	at pom.ObjectPages.uiActions.PolicyMaster.Test_Open_Target_Page(PolicyMaster.java:73)
	at Module.GeneralSetup.TC004_PolicyMasterUploadData.Target_Page(TC004_PolicyMasterUploadData.java:64)
	at sun.reflect.NativeMethodAccessorImpl.invoke0(Native Method)
	at sun.reflect.NativeMethodAccessorImpl.invoke(Unknown Source)
	at sun.reflect.DelegatingMethodAccessorImpl.invoke(Unknown Source)
	at java.lang.reflect.Method.invoke(Unknown Source)
	at org.testng.internal.MethodInvocationHelper.invokeMethod(MethodInvocationHelper.java:85)
	at org.testng.internal.Invoker.invokeMethod(Invoker.java:639)
	at org.testng.internal.Invoker.invokeTestMethod(Invoker.java:821)
	at org.testng.internal.Invoker.invokeTestMethods(Invoker.java:1131)
	at org.testng.internal.TestMethodWorker.invokeTestMethods(TestMethodWorker.java:124)
	at org.testng.internal.TestMethodWorker.run(TestMethodWorker.java:108)
	at org.testng.TestRunner.privateRun(TestRunner.java:773)
	at org.testng.TestRunner.run(TestRunner.java:623)
	at org.testng.SuiteRunner.runTest(SuiteRunner.java:357)
	at org.testng.SuiteRunner.access$000(SuiteRunner.java:39)
	at org.testng.SuiteRunner$SuiteWorker.run(SuiteRunner.java:391)
	at org.testng.internal.thread.ThreadUtil$2.call(ThreadUtil.java:64)
	at java.util.concurrent.FutureTask.run(Unknown Source)
	at java.util.concurrent.ThreadPoolExecutor.runWorker(Unknown Source)
	at java.util.concurrent.ThreadPoolExecutor$Worker.run(Unknown Source)
	at java.lang.Thread.run(Unknown Source)
]]>
    </failure>
  </testcase> <!-- Target_Page -->
  <testcase name="Login" time="3.447" classname="Module.GeneralSetup.TC004_PolicyMasterUploadData"/>
  <testcase name="Data_Upload" time="0.000" classname="Module.GeneralSetup.TC004_PolicyMasterUploadData">
    <error type="java.lang.Throwable" message="Method TC004_PolicyMasterUploadData.Data_Upload(java.lang.String, java.lang.String, java.lang.String, java.lang.String, java.lang.String)[pri:0, instance:Module.GeneralSetup.TC004_PolicyMasterUploadData@19b7cce] depends on not successfully finished methods in group &quot;PMAddNewButton&quot;">
      <![CDATA[java.lang.Throwable: Method TC004_PolicyMasterUploadData.Data_Upload(java.lang.String, java.lang.String, java.lang.String, java.lang.String, java.lang.String)[pri:0, instance:Module.GeneralSetup.TC004_PolicyMasterUploadData@19b7cce] depends on not successfully finished methods in group "PMAddNewButton"
	at org.testng.internal.Invoker.invokeTestMethods(Invoker.java:1040)
	at org.testng.internal.TestMethodWorker.invokeTestMethods(TestMethodWorker.java:124)
	at org.testng.internal.TestMethodWorker.run(TestMethodWorker.java:108)
	at org.testng.TestRunner.privateRun(TestRunner.java:773)
	at org.testng.TestRunner.run(TestRunner.java:623)
	at org.testng.SuiteRunner.runTest(SuiteRunner.java:357)
	at org.testng.SuiteRunner.access$000(SuiteRunner.java:39)
	at org.testng.SuiteRunner$SuiteWorker.run(SuiteRunner.java:391)
	at org.testng.internal.thread.ThreadUtil$2.call(ThreadUtil.java:64)
	at java.util.concurrent.FutureTask.run(Unknown Source)
	at java.util.concurrent.ThreadPoolExecutor.runWorker(Unknown Source)
	at java.util.concurrent.ThreadPoolExecutor$Worker.run(Unknown Source)
	at java.lang.Thread.run(Unknown Source)
]]>
    </error>
  </testcase> <!-- Data_Upload -->
</testsuite> <!-- Module.GeneralSetup.TC004_PolicyMasterUploadData -->
