<?xml version="1.0" encoding="UTF-8"?>
<!-- Generated by org.testng.reporters.JUnitReportReporter -->
<testsuite hostname="OSO-DTP-057" name="Module.OrganizationalSetup.TC013_BranchMasterUploadData" tests="5" failures="0" timestamp="16 Nov 2017 05:49:36 GMT" time="114.884" errors="0">
  <testcase name="Login" time="3.457" classname="Module.OrganizationalSetup.TC013_BranchMasterUploadData"/>
  <testcase name="Data_Upload" time="24.379" classname="Module.OrganizationalSetup.TC013_BranchMasterUploadData"/>
  <testcase name="Data_Upload" time="21.838" classname="Module.OrganizationalSetup.TC013_BranchMasterUploadData"/>
  <testcase name="Target_Page" time="59.511" classname="Module.OrganizationalSetup.TC013_BranchMasterUploadData"/>
  <testcase name="AddNew_Button" time="5.699" classname="Module.OrganizationalSetup.TC013_BranchMasterUploadData"/>
</testsuite> <!-- Module.OrganizationalSetup.TC013_BranchMasterUploadData -->
