<?xml version="1.0" encoding="UTF-8"?>
<!-- Generated by org.testng.reporters.JUnitReportReporter -->
<testsuite hostname="OSO-DTP-057" name="ESS.LeaveandAttendance.LeaveApplication.TC001_ApplyLeave" tests="4" failures="0" timestamp="26 Aug 2017 09:39:25 GMT" time="79.689" errors="0">
  <testcase name="TargetPage" time="12.836" classname="ESS.LeaveandAttendance.LeaveApplication.TC001_ApplyLeave"/>
  <testcase name="ApplyLeave" time="32.490" classname="ESS.LeaveandAttendance.LeaveApplication.TC001_ApplyLeave"/>
  <testcase name="Login" time="9.874" classname="ESS.LeaveandAttendance.LeaveApplication.TC001_ApplyLeave"/>
  <testcase name="ApplyLeave" time="24.489" classname="ESS.LeaveandAttendance.LeaveApplication.TC001_ApplyLeave"/>
</testsuite> <!-- ESS.LeaveandAttendance.LeaveApplication.TC001_ApplyLeave -->
