<?xml version="1.0" encoding="UTF-8"?>
<!-- Generated by org.testng.reporters.JUnitReportReporter -->
<testsuite hostname="OSO-DTP-057" name="Module.ApplicationMonitor.TC027_ApplicationUsageUploadData" tests="5" failures="0" timestamp="16 Nov 2017 05:49:36 GMT" time="120.030" errors="2">
  <testcase name="Edit_Record" time="2.212" classname="Module.ApplicationMonitor.TC027_ApplicationUsageUploadData">
    <error type="java.lang.NullPointerException">
      <![CDATA[java.lang.NullPointerException
	at pom.ObjectPages.uiActions.ApplicationUsage.Test_EditRecord(ApplicationUsage.java:172)
	at Module.ApplicationMonitor.TC027_ApplicationUsageUploadData.Edit_Record(TC027_ApplicationUsageUploadData.java:102)
	at sun.reflect.NativeMethodAccessorImpl.invoke0(Native Method)
	at sun.reflect.NativeMethodAccessorImpl.invoke(Unknown Source)
	at sun.reflect.DelegatingMethodAccessorImpl.invoke(Unknown Source)
	at java.lang.reflect.Method.invoke(Unknown Source)
	at org.testng.internal.MethodInvocationHelper.invokeMethod(MethodInvocationHelper.java:85)
	at org.testng.internal.Invoker.invokeMethod(Invoker.java:639)
	at org.testng.internal.Invoker.invokeTestMethod(Invoker.java:821)
	at org.testng.internal.Invoker.invokeTestMethods(Invoker.java:1131)
	at org.testng.internal.TestMethodWorker.invokeTestMethods(TestMethodWorker.java:124)
	at org.testng.internal.TestMethodWorker.run(TestMethodWorker.java:108)
	at org.testng.TestRunner.privateRun(TestRunner.java:773)
	at org.testng.TestRunner.run(TestRunner.java:623)
	at org.testng.SuiteRunner.runTest(SuiteRunner.java:357)
	at org.testng.SuiteRunner.access$000(SuiteRunner.java:39)
	at org.testng.SuiteRunner$SuiteWorker.run(SuiteRunner.java:391)
	at org.testng.internal.thread.ThreadUtil$2.call(ThreadUtil.java:64)
	at java.util.concurrent.FutureTask.run(Unknown Source)
	at java.util.concurrent.ThreadPoolExecutor.runWorker(Unknown Source)
	at java.util.concurrent.ThreadPoolExecutor$Worker.run(Unknown Source)
	at java.lang.Thread.run(Unknown Source)
]]>
    </error>
  </testcase> <!-- Edit_Record -->
  <testcase name="Login" time="3.461" classname="Module.ApplicationMonitor.TC027_ApplicationUsageUploadData"/>
  <testcase name="AddNew_Button" time="9.783" classname="Module.ApplicationMonitor.TC027_ApplicationUsageUploadData"/>
  <testcase name="Data_Upload" time="34.146" classname="Module.ApplicationMonitor.TC027_ApplicationUsageUploadData">
    <error type="org.testng.SkipException" message="Not Found Element : Status Type">
      <![CDATA[org.testng.SkipException: Not Found Element : Status Type
	at pom.TestBase.BaseClass.click(BaseClass.java:122)
	at pom.ObjectPages.uiActions.ApplicationUsage.Test_AddNewDataUpload(ApplicationUsage.java:142)
	at Module.ApplicationMonitor.TC027_ApplicationUsageUploadData.Data_Upload(TC027_ApplicationUsageUploadData.java:80)
	at sun.reflect.NativeMethodAccessorImpl.invoke0(Native Method)
	at sun.reflect.NativeMethodAccessorImpl.invoke(Unknown Source)
	at sun.reflect.DelegatingMethodAccessorImpl.invoke(Unknown Source)
	at java.lang.reflect.Method.invoke(Unknown Source)
	at org.testng.internal.MethodInvocationHelper.invokeMethod(MethodInvocationHelper.java:85)
	at org.testng.internal.Invoker.invokeMethod(Invoker.java:639)
	at org.testng.internal.Invoker.invokeTestMethod(Invoker.java:821)
	at org.testng.internal.Invoker.invokeTestMethods(Invoker.java:1131)
	at org.testng.internal.TestMethodWorker.invokeTestMethods(TestMethodWorker.java:124)
	at org.testng.internal.TestMethodWorker.run(TestMethodWorker.java:108)
	at org.testng.TestRunner.privateRun(TestRunner.java:773)
	at org.testng.TestRunner.run(TestRunner.java:623)
	at org.testng.SuiteRunner.runTest(SuiteRunner.java:357)
	at org.testng.SuiteRunner.access$000(SuiteRunner.java:39)
	at org.testng.SuiteRunner$SuiteWorker.run(SuiteRunner.java:391)
	at org.testng.internal.thread.ThreadUtil$2.call(ThreadUtil.java:64)
	at java.util.concurrent.FutureTask.run(Unknown Source)
	at java.util.concurrent.ThreadPoolExecutor.runWorker(Unknown Source)
	at java.util.concurrent.ThreadPoolExecutor$Worker.run(Unknown Source)
	at java.lang.Thread.run(Unknown Source)
]]>
    </error>
  </testcase> <!-- Data_Upload -->
  <testcase name="Target_Page" time="70.428" classname="Module.ApplicationMonitor.TC027_ApplicationUsageUploadData"/>
</testsuite> <!-- Module.ApplicationMonitor.TC027_ApplicationUsageUploadData -->
