<?xml version="1.0" encoding="UTF-8"?>
<!-- Generated by org.testng.reporters.JUnitReportReporter -->
<testsuite hostname="OSO-DTP-057" name="Module.GeneralSetup.TC002_OrganizationalUnitUploadData" tests="5" failures="0" timestamp="16 Nov 2017 05:49:36 GMT" time="119.865" errors="0">
  <testcase name="Target_Page" time="58.101" classname="Module.GeneralSetup.TC002_OrganizationalUnitUploadData"/>
  <testcase name="Data_Upload" time="24.219" classname="Module.GeneralSetup.TC002_OrganizationalUnitUploadData"/>
  <testcase name="Login" time="3.335" classname="Module.GeneralSetup.TC002_OrganizationalUnitUploadData"/>
  <testcase name="AddNew_Button" time="7.447" classname="Module.GeneralSetup.TC002_OrganizationalUnitUploadData"/>
  <testcase name="Data_Upload" time="26.763" classname="Module.GeneralSetup.TC002_OrganizationalUnitUploadData"/>
</testsuite> <!-- Module.GeneralSetup.TC002_OrganizationalUnitUploadData -->
