<?xml version="1.0" encoding="UTF-8"?>
<!-- Generated by org.testng.reporters.JUnitReportReporter -->
<testsuite hostname="OSO-DTP-057" name="Module.GeneralSetup.TC005_PolicyMasterAccessUploadData" tests="4" failures="0" timestamp="16 Nov 2017 05:49:36 GMT" time="153.541" errors="0">
  <testcase name="Target_Page" time="112.078" classname="Module.GeneralSetup.TC005_PolicyMasterAccessUploadData"/>
  <testcase name="Login" time="3.482" classname="Module.GeneralSetup.TC005_PolicyMasterAccessUploadData"/>
  <testcase name="AddNew_Button" time="11.977" classname="Module.GeneralSetup.TC005_PolicyMasterAccessUploadData"/>
  <testcase name="Data_Upload" time="26.004" classname="Module.GeneralSetup.TC005_PolicyMasterAccessUploadData"/>
</testsuite> <!-- Module.GeneralSetup.TC005_PolicyMasterAccessUploadData -->
